<?xml version="1.0" encoding="UTF-8"?>
<!-- Generated by org.testng.reporters.JUnitXMLReporter -->
<testsuite hostname="INDEL7BC0902" name="B2B" tests="1" failures="1" timestamp="8 May 2015 13:39:41 GMT" time="11.562" errors="0">
  <testcase name="BuildingManagementTest" time="10.62" classname="com.qtpselenium.hybrid.testcases.B2B">
    <failure type="java.lang.NullPointerException">
      <![CDATA[java.lang.NullPointerException
	at com.qtpselenium.hybrid.util.Keywords.executeKeywords(Keywords.java:107)
	at com.qtpselenium.hybrid.testcases.B2B.BuildingManagementTest(B2B.java:29)
... Removed 24 stack frames]]>
    </failure>
  </testcase> <!-- BuildingManagementTest -->
</testsuite> <!-- B2B -->
